"C:\Program Files\JetBrains\CLion 2018.1\bin\cmake\bin\cmake.exe" -DCMAKE_BUILD_TYPE=Debug -G "CodeBlocks - MinGW Makefiles" "C:\Onedrive\大学\大三\互联网应用\Coursework\DNS\local server"
-- The C compiler identification is GNU 6.3.0
-- Check for working C compiler: C:/MinGW/bin/gcc.exe
-- Check for working C compiler: C:/MinGW/bin/gcc.exe -- broken
CMake Error at C:/Program Files/JetBrains/CLion 2018.1/bin/cmake/share/cmake-3.10/Modules/CMakeTestCCompiler.cmake:52 (message):
  The C compiler

    "C:/MinGW/bin/gcc.exe"

  is not able to compile a simple test program.

  It fails with the following output:

    Change Dir: C:/Onedrive/澶у/澶т笁/浜掕仈缃戝簲鐢�/Coursework/DNS/local server/cmake-build-debug/CMakeFiles/CMakeTmp
    
    Run Build Command:"C:/MinGW/bin/mingw32-make.exe" "cmTC_c76f7/fast"
    C:/MinGW/bin/mingw32-make.exe -f CMakeFiles\cmTC_c76f7.dir\build.make CMakeFiles/cmTC_c76f7.dir/build
    mingw32-make.exe[1]: Entering directory 'C:/Onedrive/澶у/澶т笁/浜掕仈缃戝簲鐢�/Coursework/DNS/local server/cmake-build-debug/CMakeFiles/CMakeTmp'
    Building C object CMakeFiles/cmTC_c76f7.dir/testCCompiler.c.obj
    C:\MinGW\bin\gcc.exe    -o CMakeFiles\cmTC_c76f7.dir\testCCompiler.c.obj   -c "C:\Onedrive\婢堆冾劅\婢堆傜瑏\娴滄帟浠堢純鎴濈安閻⑩晿Coursework\DNS\local server\cmake-build-debug\CMakeFiles\CMakeTmp\testCCompiler.c"
    gcc.exe: error: C:\Onedrive\婢堆冾劅\婢堆傜瑏\娴滄帟浠堢純鎴濈安閻⑩晿Coursework\DNS\local server\cmake-build-debug\CMakeFiles\CMakeTmp\testCCompiler.c: No such file or directory
    gcc.exe: fatal error: no input files
    compilation terminated.
    CMakeFiles\cmTC_c76f7.dir\build.make:64: recipe for target 'CMakeFiles/cmTC_c76f7.dir/testCCompiler.c.obj' failed
    mingw32-make.exe[1]: *** [CMakeFiles/cmTC_c76f7.dir/testCCompiler.c.obj] Error 1
    mingw32-make.exe[1]: Leaving directory 'C:/Onedrive/澶у/澶т笁/浜掕仈缃戝簲鐢�/Coursework/DNS/local server/cmake-build-debug/CMakeFiles/CMakeTmp'
    Makefile:125: recipe for target 'cmTC_c76f7/fast' failed
    mingw32-make.exe: *** [cmTC_c76f7/fast] Error 2
    

  

  CMake will not be able to correctly generate this project.
Call Stack (most recent call first):
  CMakeLists.txt:2 (project)


-- Configuring incomplete, errors occurred!
See also "C:/Onedrive/澶у/澶т笁/浜掕仈缃戝簲鐢�/Coursework/DNS/local server/cmake-build-debug/CMakeFiles/CMakeOutput.log".
See also "C:/Onedrive/澶у/澶т笁/浜掕仈缃戝簲鐢�/Coursework/DNS/local server/cmake-build-debug/CMakeFiles/CMakeError.log".
